yarn add v1.22.19
[1/4] Resolving packages...
warning workspace-aggregator-b41db6c8-9f33-42f0-a68b-afe258496732 > en-react > @storybook/react > @storybook/core-common > @babel/plugin-proposal-class-properties@7.18.6: This proposal has been merged to the ECMAScript standard and thus this plugin is no longer maintained. Please use @babel/plugin-transform-class-properties instead.
warning workspace-aggregator-b41db6c8-9f33-42f0-a68b-afe258496732 > en-react > @storybook/react > @storybook/core-common > @babel/plugin-proposal-nullish-coalescing-operator@7.18.6: This proposal has been merged to the ECMAScript standard and thus this plugin is no longer maintained. Please use @babel/plugin-transform-nullish-coalescing-operator instead.
warning workspace-aggregator-b41db6c8-9f33-42f0-a68b-afe258496732 > en-react > @storybook/react > @storybook/core-common > @babel/plugin-proposal-object-rest-spread@7.20.7: This proposal has been merged to the ECMAScript standard and thus this plugin is no longer maintained. Please use @babel/plugin-transform-object-rest-spread instead.
warning workspace-aggregator-b41db6c8-9f33-42f0-a68b-afe258496732 > en-react > @storybook/react > @storybook/core-common > @babel/plugin-proposal-private-property-in-object@7.21.11: This proposal has been merged to the ECMAScript standard and thus this plugin is no longer maintained. Please use @babel/plugin-transform-private-property-in-object instead.
warning workspace-aggregator-b41db6c8-9f33-42f0-a68b-afe258496732 > en-react > @storybook/react > @storybook/core-common > @babel/plugin-proposal-private-methods@7.18.6: This proposal has been merged to the ECMAScript standard and thus this plugin is no longer maintained. Please use @babel/plugin-transform-private-methods instead.
warning workspace-aggregator-b41db6c8-9f33-42f0-a68b-afe258496732 > en-react > @storybook/react > @storybook/core-common > @babel/plugin-proposal-optional-chaining@7.21.0: This proposal has been merged to the ECMAScript standard and thus this plugin is no longer maintained. Please use @babel/plugin-transform-optional-chaining instead.
warning workspace-aggregator-b41db6c8-9f33-42f0-a68b-afe258496732 > en-react > @storybook/react > @storybook/store > stable@0.1.8: Modern JS already guarantees Array#sort() is a stable sort, so this library is deprecated. See the compatibility table on MDN: https://developer.mozilla.org/en-US/docs/Web/JavaScript/Reference/Global_Objects/Array/sort#browser_compatibility
warning workspace-aggregator-b41db6c8-9f33-42f0-a68b-afe258496732 > en-react > @storybook/react > @storybook/core-common > fork-ts-checker-webpack-plugin > memfs@3.6.0: this will be v4
warning workspace-aggregator-b41db6c8-9f33-42f0-a68b-afe258496732 > en-react > @storybook/react > @storybook/core > @storybook/core-server > @storybook/builder-webpack4 > stable@0.1.8: Modern JS already guarantees Array#sort() is a stable sort, so this library is deprecated. See the compatibility table on MDN: https://developer.mozilla.org/en-US/docs/Web/JavaScript/Reference/Global_Objects/Array/sort#browser_compatibility
warning workspace-aggregator-b41db6c8-9f33-42f0-a68b-afe258496732 > en-react > @storybook/react > @storybook/core-common > webpack > watchpack > watchpack-chokidar2 > chokidar@2.1.8: Chokidar 2 does not receive security updates since 2019. Upgrade to chokidar 3 with 15x fewer dependencies
warning workspace-aggregator-b41db6c8-9f33-42f0-a68b-afe258496732 > en-react > @storybook/react > @storybook/core-common > webpack > micromatch > snapdragon > source-map-resolve@0.5.3: See https://github.com/lydell/source-map-resolve#deprecated
warning workspace-aggregator-b41db6c8-9f33-42f0-a68b-afe258496732 > en-react > @storybook/react > @storybook/core > @storybook/core-server > @storybook/builder-webpack4 > terser-webpack-plugin > cacache > @npmcli/move-file@1.1.2: This functionality has been moved to @npmcli/fs
warning workspace-aggregator-b41db6c8-9f33-42f0-a68b-afe258496732 > en-react > @storybook/react > @storybook/core-common > webpack > terser-webpack-plugin > cacache > figgy-pudding@3.5.2: This module is no longer supported.
warning workspace-aggregator-b41db6c8-9f33-42f0-a68b-afe258496732 > en-react > @storybook/react > @storybook/core-common > webpack > terser-webpack-plugin > cacache > ssri > figgy-pudding@3.5.2: This module is no longer supported.
warning workspace-aggregator-b41db6c8-9f33-42f0-a68b-afe258496732 > en-react > @storybook/react > @storybook/core-common > webpack > watchpack > watchpack-chokidar2 > chokidar > fsevents@1.2.13: The v1 package contains DANGEROUS / INSECURE binaries. Upgrade to safe fsevents v2
warning workspace-aggregator-b41db6c8-9f33-42f0-a68b-afe258496732 > en-react > @storybook/react > @storybook/core-common > webpack > micromatch > snapdragon > source-map-resolve > resolve-url@0.2.1: https://github.com/lydell/resolve-url#deprecated
warning workspace-aggregator-b41db6c8-9f33-42f0-a68b-afe258496732 > en-react > @storybook/react > @storybook/core-common > webpack > micromatch > snapdragon > source-map-resolve > source-map-url@0.4.1: See https://github.com/lydell/source-map-url#deprecated
warning workspace-aggregator-b41db6c8-9f33-42f0-a68b-afe258496732 > en-react > @storybook/react > @storybook/core-common > webpack > micromatch > snapdragon > source-map-resolve > urix@0.1.0: Please see https://github.com/lydell/urix#deprecated
warning workspace-aggregator-b41db6c8-9f33-42f0-a68b-afe258496732 > en-react > @storybook/react > @storybook/core > @storybook/core-server > @storybook/csf-tools > @storybook/mdx1-csf > @mdx-js/mdx > remark-mdx > @babel/plugin-proposal-object-rest-spread@7.12.1: This proposal has been merged to the ECMAScript standard and thus this plugin is no longer maintained. Please use @babel/plugin-transform-object-rest-spread instead.
warning workspace-aggregator-b41db6c8-9f33-42f0-a68b-afe258496732 > en-react > @storybook/react > @storybook/core > @storybook/core-server > @storybook/csf-tools > @storybook/mdx1-csf > @mdx-js/mdx > remark-parse > trim@0.0.1: Use String.prototype.trim() instead
error Couldn't find any versions for "@storybook/react-webpack5" that matches "^6.4.9"
info Visit https://yarnpkg.com/en/docs/cli/add for documentation about this command.
